10:15:08 INFO  : Registering command handlers for SDK TCF services
10:15:08 INFO  : Launching XSCT server: xsct.bat -interactive C:\Users\kab\Desktop\workspace\dma_simple_poll_intp\dma_simple_poll_intp.sdk\temp_xsdb_launch_script.tcl
10:15:09 INFO  : XSCT server has started successfully.
10:15:10 INFO  : Successfully done setting XSCT server connection channel  
10:15:10 INFO  : Processing command line option -hwspec C:/Users/kab/Desktop/workspace/dma_simple_poll_intp/dma_simple_poll_intp.sdk/design_simple_poll_intp_wrapper.hdf.
10:15:10 INFO  : Successfully done setting SDK workspace  
10:17:44 INFO  : Connected to target on host '127.0.0.1' and port '3121'.
10:17:50 INFO  : 'targets -set -filter {jtag_cable_name =~ "Digilent Zed 210248570623" && level==0} -index 1' command is executed.
10:17:54 INFO  : FPGA configured successfully with bitstream "C:/Users/kab/Desktop/workspace/dma_simple_poll_intp/dma_simple_poll_intp.sdk/design_simple_poll_intp_wrapper_hw_platform_0/design_simple_poll_intp_wrapper.bit"
10:18:18 INFO  : 'targets -set -filter {jtag_cable_name =~ "Digilent Zed 210248570623" && level==0} -index 1' command is executed.
10:18:18 INFO  : 'fpga -state' command is executed.
10:18:18 INFO  : Connected to target on host '127.0.0.1' and port '3121'.
10:18:18 INFO  : Jtag cable 'Digilent Zed 210248570623' is selected.
10:18:19 INFO  : 'jtag frequency' command is executed.
10:18:19 INFO  : Sourcing of 'C:/Users/kab/Desktop/workspace/dma_simple_poll_intp/dma_simple_poll_intp.sdk/design_simple_poll_intp_wrapper_hw_platform_0/ps7_init.tcl' is done.
10:18:19 INFO  : Context for 'APU' is selected.
10:18:19 INFO  : Hardware design information is loaded from 'C:/Users/kab/Desktop/workspace/dma_simple_poll_intp/dma_simple_poll_intp.sdk/design_simple_poll_intp_wrapper_hw_platform_0/system.hdf'.
10:18:19 INFO  : Context for 'APU' is selected.
10:18:19 INFO  : 'stop' command is executed.
10:18:23 INFO  : 'ps7_init' command is executed.
10:18:23 INFO  : 'ps7_post_config' command is executed.
10:18:23 INFO  : Context for processor 'ps7_cortexa9_0' is selected.
10:18:24 INFO  : Processor reset is completed for 'ps7_cortexa9_0'.
10:18:25 INFO  : Context for processor 'ps7_cortexa9_0' is selected.
10:18:25 INFO  : The application 'C:/Users/kab/Desktop/workspace/dma_simple_poll_intp/dma_simple_poll_intp.sdk/dma_simple_poll/Debug/dma_simple_poll.elf' is downloaded to processor 'ps7_cortexa9_0'.
10:18:25 INFO  : ----------------XSDB Script----------------
connect -url tcp:127.0.0.1:3121
source C:/Users/kab/Desktop/workspace/dma_simple_poll_intp/dma_simple_poll_intp.sdk/design_simple_poll_intp_wrapper_hw_platform_0/ps7_init.tcl
targets -set -nocase -filter {name =~"APU*" && jtag_cable_name =~ "Digilent Zed 210248570623"} -index 0
loadhw C:/Users/kab/Desktop/workspace/dma_simple_poll_intp/dma_simple_poll_intp.sdk/design_simple_poll_intp_wrapper_hw_platform_0/system.hdf
targets -set -nocase -filter {name =~"APU*" && jtag_cable_name =~ "Digilent Zed 210248570623"} -index 0
stop
ps7_init
ps7_post_config
targets -set -nocase -filter {name =~ "ARM*#0" && jtag_cable_name =~ "Digilent Zed 210248570623"} -index 0
rst -processor
targets -set -nocase -filter {name =~ "ARM*#0" && jtag_cable_name =~ "Digilent Zed 210248570623"} -index 0
dow C:/Users/kab/Desktop/workspace/dma_simple_poll_intp/dma_simple_poll_intp.sdk/dma_simple_poll/Debug/dma_simple_poll.elf
----------------End of Script----------------

10:18:25 INFO  : Memory regions updated for context APU
10:18:25 INFO  : Context for processor 'ps7_cortexa9_0' is selected.
10:18:25 INFO  : 'con' command is executed.
10:18:25 INFO  : ----------------XSDB Script (After Launch)----------------
targets -set -nocase -filter {name =~ "ARM*#0" && jtag_cable_name =~ "Digilent Zed 210248570623"} -index 0
con
----------------End of Script----------------

10:18:25 INFO  : Launch script is exported to file 'C:\Users\kab\Desktop\workspace\dma_simple_poll_intp\dma_simple_poll_intp.sdk\.sdk\launch_scripts\xilinx_c-c++_application_(system_debugger)\debug_dma_simple_poll.tcl'
10:19:02 INFO  : Disconnected from the channel tcfchan#1.
10:19:03 INFO  : 'targets -set -filter {jtag_cable_name =~ "Digilent Zed 210248570623" && level==0} -index 1' command is executed.
10:19:03 INFO  : 'fpga -state' command is executed.
10:19:03 INFO  : Connected to target on host '127.0.0.1' and port '3121'.
10:19:04 INFO  : Jtag cable 'Digilent Zed 210248570623' is selected.
10:19:05 INFO  : 'jtag frequency' command is executed.
10:19:05 INFO  : Sourcing of 'C:/Users/kab/Desktop/workspace/dma_simple_poll_intp/dma_simple_poll_intp.sdk/design_simple_poll_intp_wrapper_hw_platform_0/ps7_init.tcl' is done.
10:19:05 INFO  : Context for 'APU' is selected.
10:19:08 INFO  : Hardware design information is loaded from 'C:/Users/kab/Desktop/workspace/dma_simple_poll_intp/dma_simple_poll_intp.sdk/design_simple_poll_intp_wrapper_hw_platform_0/system.hdf'.
10:19:08 INFO  : Context for 'APU' is selected.
10:19:08 INFO  : 'stop' command is executed.
10:19:12 INFO  : 'ps7_init' command is executed.
10:19:12 INFO  : 'ps7_post_config' command is executed.
10:19:12 INFO  : Context for processor 'ps7_cortexa9_0' is selected.
10:19:12 INFO  : Processor reset is completed for 'ps7_cortexa9_0'.
10:19:13 INFO  : Context for processor 'ps7_cortexa9_0' is selected.
10:19:15 INFO  : The application 'C:/Users/kab/Desktop/workspace/dma_simple_poll_intp/dma_simple_poll_intp.sdk/dma_simple_poll/Debug/dma_simple_poll.elf' is downloaded to processor 'ps7_cortexa9_0'.
10:19:15 INFO  : ----------------XSDB Script----------------
connect -url tcp:127.0.0.1:3121
source C:/Users/kab/Desktop/workspace/dma_simple_poll_intp/dma_simple_poll_intp.sdk/design_simple_poll_intp_wrapper_hw_platform_0/ps7_init.tcl
targets -set -nocase -filter {name =~"APU*" && jtag_cable_name =~ "Digilent Zed 210248570623"} -index 0
loadhw C:/Users/kab/Desktop/workspace/dma_simple_poll_intp/dma_simple_poll_intp.sdk/design_simple_poll_intp_wrapper_hw_platform_0/system.hdf
targets -set -nocase -filter {name =~"APU*" && jtag_cable_name =~ "Digilent Zed 210248570623"} -index 0
stop
ps7_init
ps7_post_config
targets -set -nocase -filter {name =~ "ARM*#0" && jtag_cable_name =~ "Digilent Zed 210248570623"} -index 0
rst -processor
targets -set -nocase -filter {name =~ "ARM*#0" && jtag_cable_name =~ "Digilent Zed 210248570623"} -index 0
dow C:/Users/kab/Desktop/workspace/dma_simple_poll_intp/dma_simple_poll_intp.sdk/dma_simple_poll/Debug/dma_simple_poll.elf
----------------End of Script----------------

10:19:15 INFO  : Memory regions updated for context APU
10:19:15 INFO  : Context for processor 'ps7_cortexa9_0' is selected.
10:19:15 INFO  : 'con' command is executed.
10:19:15 INFO  : ----------------XSDB Script (After Launch)----------------
targets -set -nocase -filter {name =~ "ARM*#0" && jtag_cable_name =~ "Digilent Zed 210248570623"} -index 0
con
----------------End of Script----------------

10:19:15 INFO  : Launch script is exported to file 'C:\Users\kab\Desktop\workspace\dma_simple_poll_intp\dma_simple_poll_intp.sdk\.sdk\launch_scripts\xilinx_c-c++_application_(system_debugger)\debug_dma_simple_poll.tcl'
10:19:21 INFO  : Connected to target on host '127.0.0.1' and port '3121'.
10:19:22 INFO  : 'targets -set -filter {jtag_cable_name =~ "Digilent Zed 210248570623" && level==0} -index 1' command is executed.
10:19:25 INFO  : FPGA configured successfully with bitstream "C:/Users/kab/Desktop/workspace/dma_simple_poll_intp/dma_simple_poll_intp.sdk/design_simple_poll_intp_wrapper_hw_platform_0/design_simple_poll_intp_wrapper.bit"
10:19:29 INFO  : Disconnected from the channel tcfchan#2.
10:19:31 INFO  : 'targets -set -filter {jtag_cable_name =~ "Digilent Zed 210248570623" && level==0} -index 1' command is executed.
10:19:31 INFO  : 'fpga -state' command is executed.
10:19:31 INFO  : Connected to target on host '127.0.0.1' and port '3121'.
10:19:32 INFO  : Jtag cable 'Digilent Zed 210248570623' is selected.
10:19:32 INFO  : 'jtag frequency' command is executed.
10:19:32 INFO  : Sourcing of 'C:/Users/kab/Desktop/workspace/dma_simple_poll_intp/dma_simple_poll_intp.sdk/design_simple_poll_intp_wrapper_hw_platform_0/ps7_init.tcl' is done.
10:19:32 INFO  : Context for 'APU' is selected.
10:19:34 INFO  : Hardware design information is loaded from 'C:/Users/kab/Desktop/workspace/dma_simple_poll_intp/dma_simple_poll_intp.sdk/design_simple_poll_intp_wrapper_hw_platform_0/system.hdf'.
10:19:34 INFO  : Context for 'APU' is selected.
10:19:34 INFO  : 'stop' command is executed.
10:19:39 INFO  : 'ps7_init' command is executed.
10:19:39 INFO  : 'ps7_post_config' command is executed.
10:19:39 INFO  : Context for processor 'ps7_cortexa9_0' is selected.
10:19:39 INFO  : Processor reset is completed for 'ps7_cortexa9_0'.
10:19:39 INFO  : Context for processor 'ps7_cortexa9_0' is selected.
10:19:41 INFO  : The application 'C:/Users/kab/Desktop/workspace/dma_simple_poll_intp/dma_simple_poll_intp.sdk/dma_simple_poll/Debug/dma_simple_poll.elf' is downloaded to processor 'ps7_cortexa9_0'.
10:19:41 INFO  : ----------------XSDB Script----------------
connect -url tcp:127.0.0.1:3121
source C:/Users/kab/Desktop/workspace/dma_simple_poll_intp/dma_simple_poll_intp.sdk/design_simple_poll_intp_wrapper_hw_platform_0/ps7_init.tcl
targets -set -nocase -filter {name =~"APU*" && jtag_cable_name =~ "Digilent Zed 210248570623"} -index 0
loadhw C:/Users/kab/Desktop/workspace/dma_simple_poll_intp/dma_simple_poll_intp.sdk/design_simple_poll_intp_wrapper_hw_platform_0/system.hdf
targets -set -nocase -filter {name =~"APU*" && jtag_cable_name =~ "Digilent Zed 210248570623"} -index 0
stop
ps7_init
ps7_post_config
targets -set -nocase -filter {name =~ "ARM*#0" && jtag_cable_name =~ "Digilent Zed 210248570623"} -index 0
rst -processor
targets -set -nocase -filter {name =~ "ARM*#0" && jtag_cable_name =~ "Digilent Zed 210248570623"} -index 0
dow C:/Users/kab/Desktop/workspace/dma_simple_poll_intp/dma_simple_poll_intp.sdk/dma_simple_poll/Debug/dma_simple_poll.elf
----------------End of Script----------------

10:19:41 INFO  : Memory regions updated for context APU
10:19:41 INFO  : Context for processor 'ps7_cortexa9_0' is selected.
10:19:41 INFO  : 'con' command is executed.
10:19:41 INFO  : ----------------XSDB Script (After Launch)----------------
targets -set -nocase -filter {name =~ "ARM*#0" && jtag_cable_name =~ "Digilent Zed 210248570623"} -index 0
con
----------------End of Script----------------

10:19:41 INFO  : Launch script is exported to file 'C:\Users\kab\Desktop\workspace\dma_simple_poll_intp\dma_simple_poll_intp.sdk\.sdk\launch_scripts\xilinx_c-c++_application_(system_debugger)\debug_dma_simple_poll.tcl'
10:20:11 INFO  : Disconnected from the channel tcfchan#3.
10:20:14 INFO  : 'targets -set -filter {jtag_cable_name =~ "Digilent Zed 210248570623" && level==0} -index 1' command is executed.
10:20:14 INFO  : 'fpga -state' command is executed.
10:20:14 INFO  : Connected to target on host '127.0.0.1' and port '3121'.
10:20:14 INFO  : Jtag cable 'Digilent Zed 210248570623' is selected.
10:20:15 INFO  : 'jtag frequency' command is executed.
10:20:15 INFO  : Sourcing of 'C:/Users/kab/Desktop/workspace/dma_simple_poll_intp/dma_simple_poll_intp.sdk/design_simple_poll_intp_wrapper_hw_platform_0/ps7_init.tcl' is done.
10:20:15 INFO  : Context for 'APU' is selected.
10:20:17 INFO  : Hardware design information is loaded from 'C:/Users/kab/Desktop/workspace/dma_simple_poll_intp/dma_simple_poll_intp.sdk/design_simple_poll_intp_wrapper_hw_platform_0/system.hdf'.
10:20:17 INFO  : Context for 'APU' is selected.
10:20:17 INFO  : 'stop' command is executed.
10:20:20 INFO  : 'ps7_init' command is executed.
10:20:20 INFO  : 'ps7_post_config' command is executed.
10:20:20 INFO  : Context for processor 'ps7_cortexa9_0' is selected.
10:20:20 INFO  : Processor reset is completed for 'ps7_cortexa9_0'.
10:20:21 INFO  : Context for processor 'ps7_cortexa9_0' is selected.
10:20:24 INFO  : The application 'C:/Users/kab/Desktop/workspace/dma_simple_poll_intp/dma_simple_poll_intp.sdk/dma_simple_poll_intp/Debug/dma_simple_poll_intp.elf' is downloaded to processor 'ps7_cortexa9_0'.
10:20:24 INFO  : ----------------XSDB Script----------------
connect -url tcp:127.0.0.1:3121
source C:/Users/kab/Desktop/workspace/dma_simple_poll_intp/dma_simple_poll_intp.sdk/design_simple_poll_intp_wrapper_hw_platform_0/ps7_init.tcl
targets -set -nocase -filter {name =~"APU*" && jtag_cable_name =~ "Digilent Zed 210248570623"} -index 0
loadhw C:/Users/kab/Desktop/workspace/dma_simple_poll_intp/dma_simple_poll_intp.sdk/design_simple_poll_intp_wrapper_hw_platform_0/system.hdf
targets -set -nocase -filter {name =~"APU*" && jtag_cable_name =~ "Digilent Zed 210248570623"} -index 0
stop
ps7_init
ps7_post_config
targets -set -nocase -filter {name =~ "ARM*#0" && jtag_cable_name =~ "Digilent Zed 210248570623"} -index 0
rst -processor
targets -set -nocase -filter {name =~ "ARM*#0" && jtag_cable_name =~ "Digilent Zed 210248570623"} -index 0
dow C:/Users/kab/Desktop/workspace/dma_simple_poll_intp/dma_simple_poll_intp.sdk/dma_simple_poll_intp/Debug/dma_simple_poll_intp.elf
----------------End of Script----------------

10:20:25 INFO  : Memory regions updated for context APU
10:20:25 INFO  : Context for processor 'ps7_cortexa9_0' is selected.
10:20:25 INFO  : 'con' command is executed.
10:20:25 INFO  : ----------------XSDB Script (After Launch)----------------
targets -set -nocase -filter {name =~ "ARM*#0" && jtag_cable_name =~ "Digilent Zed 210248570623"} -index 0
con
----------------End of Script----------------

10:20:25 INFO  : Launch script is exported to file 'C:\Users\kab\Desktop\workspace\dma_simple_poll_intp\dma_simple_poll_intp.sdk\.sdk\launch_scripts\xilinx_c-c++_application_(system_debugger)\debug_dma_simple_poll_intp.tcl'
10:20:54 INFO  : Connected to target on host '127.0.0.1' and port '3121'.
10:20:56 INFO  : 'targets -set -filter {jtag_cable_name =~ "Digilent Zed 210248570623" && level==0} -index 1' command is executed.
10:20:59 INFO  : FPGA configured successfully with bitstream "C:/Users/kab/Desktop/workspace/dma_simple_poll_intp/dma_simple_poll_intp.sdk/design_simple_poll_intp_wrapper_hw_platform_0/design_simple_poll_intp_wrapper.bit"
10:21:04 INFO  : Disconnected from the channel tcfchan#4.
10:21:06 INFO  : 'targets -set -filter {jtag_cable_name =~ "Digilent Zed 210248570623" && level==0} -index 1' command is executed.
10:21:06 INFO  : 'fpga -state' command is executed.
10:21:06 INFO  : Connected to target on host '127.0.0.1' and port '3121'.
10:21:06 INFO  : Jtag cable 'Digilent Zed 210248570623' is selected.
10:21:06 INFO  : 'jtag frequency' command is executed.
10:21:06 INFO  : Sourcing of 'C:/Users/kab/Desktop/workspace/dma_simple_poll_intp/dma_simple_poll_intp.sdk/design_simple_poll_intp_wrapper_hw_platform_0/ps7_init.tcl' is done.
10:21:06 INFO  : Context for 'APU' is selected.
10:21:08 INFO  : Hardware design information is loaded from 'C:/Users/kab/Desktop/workspace/dma_simple_poll_intp/dma_simple_poll_intp.sdk/design_simple_poll_intp_wrapper_hw_platform_0/system.hdf'.
10:21:08 INFO  : Context for 'APU' is selected.
10:21:09 INFO  : 'stop' command is executed.
10:21:11 INFO  : 'ps7_init' command is executed.
10:21:11 INFO  : 'ps7_post_config' command is executed.
10:21:11 INFO  : Context for processor 'ps7_cortexa9_0' is selected.
10:21:12 INFO  : Processor reset is completed for 'ps7_cortexa9_0'.
10:21:12 INFO  : Context for processor 'ps7_cortexa9_0' is selected.
10:21:12 INFO  : The application 'C:/Users/kab/Desktop/workspace/dma_simple_poll_intp/dma_simple_poll_intp.sdk/dma_simple_poll_intp/Debug/dma_simple_poll_intp.elf' is downloaded to processor 'ps7_cortexa9_0'.
10:21:12 INFO  : ----------------XSDB Script----------------
connect -url tcp:127.0.0.1:3121
source C:/Users/kab/Desktop/workspace/dma_simple_poll_intp/dma_simple_poll_intp.sdk/design_simple_poll_intp_wrapper_hw_platform_0/ps7_init.tcl
targets -set -nocase -filter {name =~"APU*" && jtag_cable_name =~ "Digilent Zed 210248570623"} -index 0
loadhw C:/Users/kab/Desktop/workspace/dma_simple_poll_intp/dma_simple_poll_intp.sdk/design_simple_poll_intp_wrapper_hw_platform_0/system.hdf
targets -set -nocase -filter {name =~"APU*" && jtag_cable_name =~ "Digilent Zed 210248570623"} -index 0
stop
ps7_init
ps7_post_config
targets -set -nocase -filter {name =~ "ARM*#0" && jtag_cable_name =~ "Digilent Zed 210248570623"} -index 0
rst -processor
targets -set -nocase -filter {name =~ "ARM*#0" && jtag_cable_name =~ "Digilent Zed 210248570623"} -index 0
dow C:/Users/kab/Desktop/workspace/dma_simple_poll_intp/dma_simple_poll_intp.sdk/dma_simple_poll_intp/Debug/dma_simple_poll_intp.elf
----------------End of Script----------------

10:21:13 INFO  : Memory regions updated for context APU
10:21:13 INFO  : Context for processor 'ps7_cortexa9_0' is selected.
10:21:13 INFO  : 'con' command is executed.
10:21:13 INFO  : ----------------XSDB Script (After Launch)----------------
targets -set -nocase -filter {name =~ "ARM*#0" && jtag_cable_name =~ "Digilent Zed 210248570623"} -index 0
con
----------------End of Script----------------

10:21:13 INFO  : Launch script is exported to file 'C:\Users\kab\Desktop\workspace\dma_simple_poll_intp\dma_simple_poll_intp.sdk\.sdk\launch_scripts\xilinx_c-c++_application_(system_debugger)\debug_dma_simple_poll_intp.tcl'
10:21:21 INFO  : Disconnected from the channel tcfchan#5.
10:21:23 INFO  : 'targets -set -filter {jtag_cable_name =~ "Digilent Zed 210248570623" && level==0} -index 1' command is executed.
10:21:23 INFO  : 'fpga -state' command is executed.
10:21:23 INFO  : Connected to target on host '127.0.0.1' and port '3121'.
10:21:23 INFO  : Jtag cable 'Digilent Zed 210248570623' is selected.
10:21:23 INFO  : 'jtag frequency' command is executed.
10:21:23 INFO  : Sourcing of 'C:/Users/kab/Desktop/workspace/dma_simple_poll_intp/dma_simple_poll_intp.sdk/design_simple_poll_intp_wrapper_hw_platform_0/ps7_init.tcl' is done.
10:21:23 INFO  : Context for 'APU' is selected.
10:21:25 INFO  : Hardware design information is loaded from 'C:/Users/kab/Desktop/workspace/dma_simple_poll_intp/dma_simple_poll_intp.sdk/design_simple_poll_intp_wrapper_hw_platform_0/system.hdf'.
10:21:25 INFO  : Context for 'APU' is selected.
10:21:26 INFO  : 'stop' command is executed.
10:21:29 INFO  : 'ps7_init' command is executed.
10:21:29 INFO  : 'ps7_post_config' command is executed.
10:21:29 INFO  : Context for processor 'ps7_cortexa9_0' is selected.
10:21:30 INFO  : Processor reset is completed for 'ps7_cortexa9_0'.
10:21:30 INFO  : Context for processor 'ps7_cortexa9_0' is selected.
10:21:33 INFO  : The application 'C:/Users/kab/Desktop/workspace/dma_simple_poll_intp/dma_simple_poll_intp.sdk/dma_simple_poll/Debug/dma_simple_poll.elf' is downloaded to processor 'ps7_cortexa9_0'.
10:21:33 INFO  : ----------------XSDB Script----------------
connect -url tcp:127.0.0.1:3121
source C:/Users/kab/Desktop/workspace/dma_simple_poll_intp/dma_simple_poll_intp.sdk/design_simple_poll_intp_wrapper_hw_platform_0/ps7_init.tcl
targets -set -nocase -filter {name =~"APU*" && jtag_cable_name =~ "Digilent Zed 210248570623"} -index 0
loadhw C:/Users/kab/Desktop/workspace/dma_simple_poll_intp/dma_simple_poll_intp.sdk/design_simple_poll_intp_wrapper_hw_platform_0/system.hdf
targets -set -nocase -filter {name =~"APU*" && jtag_cable_name =~ "Digilent Zed 210248570623"} -index 0
stop
ps7_init
ps7_post_config
targets -set -nocase -filter {name =~ "ARM*#0" && jtag_cable_name =~ "Digilent Zed 210248570623"} -index 0
rst -processor
targets -set -nocase -filter {name =~ "ARM*#0" && jtag_cable_name =~ "Digilent Zed 210248570623"} -index 0
dow C:/Users/kab/Desktop/workspace/dma_simple_poll_intp/dma_simple_poll_intp.sdk/dma_simple_poll/Debug/dma_simple_poll.elf
----------------End of Script----------------

10:21:33 INFO  : Memory regions updated for context APU
10:21:34 INFO  : Context for processor 'ps7_cortexa9_0' is selected.
10:21:34 INFO  : 'con' command is executed.
10:21:34 INFO  : ----------------XSDB Script (After Launch)----------------
targets -set -nocase -filter {name =~ "ARM*#0" && jtag_cable_name =~ "Digilent Zed 210248570623"} -index 0
con
----------------End of Script----------------

10:21:34 INFO  : Launch script is exported to file 'C:\Users\kab\Desktop\workspace\dma_simple_poll_intp\dma_simple_poll_intp.sdk\.sdk\launch_scripts\xilinx_c-c++_application_(system_debugger)\debug_dma_simple_poll.tcl'
10:21:52 INFO  : Disconnected from the channel tcfchan#6.
