
*** Running vivado
    with args -log design_simple_poll_intp_auto_us_1.vds -m64 -product Vivado -mode batch -messageDb vivado.pb -notrace -source design_simple_poll_intp_auto_us_1.tcl


****** Vivado v2016.4 (64-bit)
  **** SW Build 1756540 on Mon Jan 23 19:11:23 MST 2017
  **** IP Build 1755317 on Mon Jan 23 20:30:07 MST 2017
    ** Copyright 1986-2016 Xilinx, Inc. All Rights Reserved.

source design_simple_poll_intp_auto_us_1.tcl -notrace
Starting RTL Elaboration : Time (s): cpu = 00:00:11 ; elapsed = 00:00:12 . Memory (MB): peak = 350.363 ; gain = 140.090
INFO: [Synth 8-638] synthesizing module 'design_simple_poll_intp_auto_us_1' [c:/Users/kab/Desktop/workspace/dma_simple_poll_intp/dma_simple_poll_intp.srcs/sources_1/bd/design_simple_poll_intp/ip/design_simple_poll_intp_auto_us_1/synth/design_simple_poll_intp_auto_us_1.v:58]
INFO: [Synth 8-638] synthesizing module 'axi_dwidth_converter_v2_1_11_top' [c:/Users/kab/Desktop/workspace/dma_simple_poll_intp/dma_simple_poll_intp.srcs/sources_1/bd/design_simple_poll_intp/ipshared/a4c8/hdl/axi_dwidth_converter_v2_1_vlsyn_rfs.v:14452]
INFO: [Synth 8-638] synthesizing module 'axi_dwidth_converter_v2_1_11_axi_upsizer' [c:/Users/kab/Desktop/workspace/dma_simple_poll_intp/dma_simple_poll_intp.srcs/sources_1/bd/design_simple_poll_intp/ipshared/a4c8/hdl/axi_dwidth_converter_v2_1_vlsyn_rfs.v:7037]
INFO: [Synth 8-638] synthesizing module 'axi_dwidth_converter_v2_1_11_w_upsizer' [c:/Users/kab/Desktop/workspace/dma_simple_poll_intp/dma_simple_poll_intp.srcs/sources_1/bd/design_simple_poll_intp/ipshared/a4c8/hdl/axi_dwidth_converter_v2_1_vlsyn_rfs.v:5562]
INFO: [Synth 8-256] done synthesizing module 'axi_dwidth_converter_v2_1_11_w_upsizer' (1#1) [c:/Users/kab/Desktop/workspace/dma_simple_poll_intp/dma_simple_poll_intp.srcs/sources_1/bd/design_simple_poll_intp/ipshared/a4c8/hdl/axi_dwidth_converter_v2_1_vlsyn_rfs.v:5562]
INFO: [Synth 8-638] synthesizing module 'axi_dwidth_converter_v2_1_11_a_upsizer' [c:/Users/kab/Desktop/workspace/dma_simple_poll_intp/dma_simple_poll_intp.srcs/sources_1/bd/design_simple_poll_intp/ipshared/a4c8/hdl/axi_dwidth_converter_v2_1_vlsyn_rfs.v:3603]
INFO: [Synth 8-638] synthesizing module 'generic_baseblocks_v2_1_0_command_fifo' [c:/Users/kab/Desktop/workspace/dma_simple_poll_intp/dma_simple_poll_intp.srcs/sources_1/bd/design_simple_poll_intp/ipshared/7ee0/hdl/generic_baseblocks_v2_1_vl_rfs.v:655]
INFO: [Synth 8-256] done synthesizing module 'generic_baseblocks_v2_1_0_command_fifo' (2#1) [c:/Users/kab/Desktop/workspace/dma_simple_poll_intp/dma_simple_poll_intp.srcs/sources_1/bd/design_simple_poll_intp/ipshared/7ee0/hdl/generic_baseblocks_v2_1_vl_rfs.v:655]
INFO: [Synth 8-256] done synthesizing module 'axi_dwidth_converter_v2_1_11_a_upsizer' (3#1) [c:/Users/kab/Desktop/workspace/dma_simple_poll_intp/dma_simple_poll_intp.srcs/sources_1/bd/design_simple_poll_intp/ipshared/a4c8/hdl/axi_dwidth_converter_v2_1_vlsyn_rfs.v:3603]
INFO: [Synth 8-638] synthesizing module 'axi_register_slice_v2_1_11_axi_register_slice' [c:/Users/kab/Desktop/workspace/dma_simple_poll_intp/dma_simple_poll_intp.srcs/sources_1/bd/design_simple_poll_intp/ipshared/0b6b/hdl/axi_register_slice_v2_1_vl_rfs.v:791]
INFO: [Synth 8-638] synthesizing module 'axi_infrastructure_v1_1_0_axi2vector' [c:/Users/kab/Desktop/workspace/dma_simple_poll_intp/dma_simple_poll_intp.srcs/sources_1/bd/design_simple_poll_intp/ipshared/7e3a/hdl/axi_infrastructure_v1_1_vl_rfs.v:60]
INFO: [Synth 8-256] done synthesizing module 'axi_infrastructure_v1_1_0_axi2vector' (4#1) [c:/Users/kab/Desktop/workspace/dma_simple_poll_intp/dma_simple_poll_intp.srcs/sources_1/bd/design_simple_poll_intp/ipshared/7e3a/hdl/axi_infrastructure_v1_1_vl_rfs.v:60]
INFO: [Synth 8-638] synthesizing module 'axi_register_slice_v2_1_11_axic_register_slice' [c:/Users/kab/Desktop/workspace/dma_simple_poll_intp/dma_simple_poll_intp.srcs/sources_1/bd/design_simple_poll_intp/ipshared/0b6b/hdl/axi_register_slice_v2_1_vl_rfs.v:85]
INFO: [Synth 8-256] done synthesizing module 'axi_register_slice_v2_1_11_axic_register_slice' (5#1) [c:/Users/kab/Desktop/workspace/dma_simple_poll_intp/dma_simple_poll_intp.srcs/sources_1/bd/design_simple_poll_intp/ipshared/0b6b/hdl/axi_register_slice_v2_1_vl_rfs.v:85]
INFO: [Synth 8-638] synthesizing module 'axi_register_slice_v2_1_11_axic_register_slice__parameterized0' [c:/Users/kab/Desktop/workspace/dma_simple_poll_intp/dma_simple_poll_intp.srcs/sources_1/bd/design_simple_poll_intp/ipshared/0b6b/hdl/axi_register_slice_v2_1_vl_rfs.v:85]
INFO: [Synth 8-256] done synthesizing module 'axi_register_slice_v2_1_11_axic_register_slice__parameterized0' (5#1) [c:/Users/kab/Desktop/workspace/dma_simple_poll_intp/dma_simple_poll_intp.srcs/sources_1/bd/design_simple_poll_intp/ipshared/0b6b/hdl/axi_register_slice_v2_1_vl_rfs.v:85]
INFO: [Synth 8-638] synthesizing module 'axi_register_slice_v2_1_11_axic_register_slice__parameterized1' [c:/Users/kab/Desktop/workspace/dma_simple_poll_intp/dma_simple_poll_intp.srcs/sources_1/bd/design_simple_poll_intp/ipshared/0b6b/hdl/axi_register_slice_v2_1_vl_rfs.v:85]
INFO: [Synth 8-256] done synthesizing module 'axi_register_slice_v2_1_11_axic_register_slice__parameterized1' (5#1) [c:/Users/kab/Desktop/workspace/dma_simple_poll_intp/dma_simple_poll_intp.srcs/sources_1/bd/design_simple_poll_intp/ipshared/0b6b/hdl/axi_register_slice_v2_1_vl_rfs.v:85]
INFO: [Synth 8-638] synthesizing module 'axi_register_slice_v2_1_11_axic_register_slice__parameterized2' [c:/Users/kab/Desktop/workspace/dma_simple_poll_intp/dma_simple_poll_intp.srcs/sources_1/bd/design_simple_poll_intp/ipshared/0b6b/hdl/axi_register_slice_v2_1_vl_rfs.v:85]
INFO: [Synth 8-256] done synthesizing module 'axi_register_slice_v2_1_11_axic_register_slice__parameterized2' (5#1) [c:/Users/kab/Desktop/workspace/dma_simple_poll_intp/dma_simple_poll_intp.srcs/sources_1/bd/design_simple_poll_intp/ipshared/0b6b/hdl/axi_register_slice_v2_1_vl_rfs.v:85]
INFO: [Synth 8-638] synthesizing module 'axi_register_slice_v2_1_11_axic_register_slice__parameterized3' [c:/Users/kab/Desktop/workspace/dma_simple_poll_intp/dma_simple_poll_intp.srcs/sources_1/bd/design_simple_poll_intp/ipshared/0b6b/hdl/axi_register_slice_v2_1_vl_rfs.v:85]
INFO: [Synth 8-256] done synthesizing module 'axi_register_slice_v2_1_11_axic_register_slice__parameterized3' (5#1) [c:/Users/kab/Desktop/workspace/dma_simple_poll_intp/dma_simple_poll_intp.srcs/sources_1/bd/design_simple_poll_intp/ipshared/0b6b/hdl/axi_register_slice_v2_1_vl_rfs.v:85]
INFO: [Synth 8-638] synthesizing module 'axi_infrastructure_v1_1_0_vector2axi' [c:/Users/kab/Desktop/workspace/dma_simple_poll_intp/dma_simple_poll_intp.srcs/sources_1/bd/design_simple_poll_intp/ipshared/7e3a/hdl/axi_infrastructure_v1_1_vl_rfs.v:474]
INFO: [Synth 8-256] done synthesizing module 'axi_infrastructure_v1_1_0_vector2axi' (6#1) [c:/Users/kab/Desktop/workspace/dma_simple_poll_intp/dma_simple_poll_intp.srcs/sources_1/bd/design_simple_poll_intp/ipshared/7e3a/hdl/axi_infrastructure_v1_1_vl_rfs.v:474]
INFO: [Synth 8-256] done synthesizing module 'axi_register_slice_v2_1_11_axi_register_slice' (7#1) [c:/Users/kab/Desktop/workspace/dma_simple_poll_intp/dma_simple_poll_intp.srcs/sources_1/bd/design_simple_poll_intp/ipshared/0b6b/hdl/axi_register_slice_v2_1_vl_rfs.v:791]
INFO: [Synth 8-256] done synthesizing module 'axi_dwidth_converter_v2_1_11_axi_upsizer' (8#1) [c:/Users/kab/Desktop/workspace/dma_simple_poll_intp/dma_simple_poll_intp.srcs/sources_1/bd/design_simple_poll_intp/ipshared/a4c8/hdl/axi_dwidth_converter_v2_1_vlsyn_rfs.v:7037]
INFO: [Synth 8-256] done synthesizing module 'axi_dwidth_converter_v2_1_11_top' (9#1) [c:/Users/kab/Desktop/workspace/dma_simple_poll_intp/dma_simple_poll_intp.srcs/sources_1/bd/design_simple_poll_intp/ipshared/a4c8/hdl/axi_dwidth_converter_v2_1_vlsyn_rfs.v:14452]
INFO: [Synth 8-256] done synthesizing module 'design_simple_poll_intp_auto_us_1' (10#1) [c:/Users/kab/Desktop/workspace/dma_simple_poll_intp/dma_simple_poll_intp.srcs/sources_1/bd/design_simple_poll_intp/ip/design_simple_poll_intp_auto_us_1/synth/design_simple_poll_intp_auto_us_1.v:58]
Finished RTL Elaboration : Time (s): cpu = 00:01:22 ; elapsed = 00:01:24 . Memory (MB): peak = 468.590 ; gain = 258.316
Finished RTL Optimization Phase 1 : Time (s): cpu = 00:01:22 ; elapsed = 00:01:24 . Memory (MB): peak = 468.590 ; gain = 258.316
INFO: [Device 21-403] Loading part xc7z020clg484-1
Constraint Validation Runtime : Time (s): cpu = 00:00:01 ; elapsed = 00:00:00.033 . Memory (MB): peak = 711.965 ; gain = 0.180
Finished Constraint Validation : Time (s): cpu = 00:01:31 ; elapsed = 00:01:33 . Memory (MB): peak = 711.965 ; gain = 501.691
Finished Loading Part and Timing Information : Time (s): cpu = 00:01:31 ; elapsed = 00:01:33 . Memory (MB): peak = 711.965 ; gain = 501.691
Finished applying 'set_property' XDC Constraints : Time (s): cpu = 00:01:31 ; elapsed = 00:01:33 . Memory (MB): peak = 711.965 ; gain = 501.691
Finished RTL Optimization Phase 2 : Time (s): cpu = 00:01:31 ; elapsed = 00:01:33 . Memory (MB): peak = 711.965 ; gain = 501.691
Finished Cross Boundary and Area Optimization : Time (s): cpu = 00:01:36 ; elapsed = 00:01:39 . Memory (MB): peak = 711.965 ; gain = 501.691
Finished Applying XDC Timing Constraints : Time (s): cpu = 00:01:45 ; elapsed = 00:01:48 . Memory (MB): peak = 711.965 ; gain = 501.691
Finished Timing Optimization : Time (s): cpu = 00:01:46 ; elapsed = 00:01:48 . Memory (MB): peak = 711.965 ; gain = 501.691
Finished Technology Mapping : Time (s): cpu = 00:01:46 ; elapsed = 00:01:48 . Memory (MB): peak = 711.965 ; gain = 501.691
Finished IO Insertion : Time (s): cpu = 00:01:47 ; elapsed = 00:01:49 . Memory (MB): peak = 711.965 ; gain = 501.691
Finished Renaming Generated Instances : Time (s): cpu = 00:01:47 ; elapsed = 00:01:49 . Memory (MB): peak = 711.965 ; gain = 501.691
Finished Rebuilding User Hierarchy : Time (s): cpu = 00:01:47 ; elapsed = 00:01:49 . Memory (MB): peak = 711.965 ; gain = 501.691
Finished Renaming Generated Ports : Time (s): cpu = 00:01:47 ; elapsed = 00:01:49 . Memory (MB): peak = 711.965 ; gain = 501.691
Finished Handling Custom Attributes : Time (s): cpu = 00:01:47 ; elapsed = 00:01:49 . Memory (MB): peak = 711.965 ; gain = 501.691
Finished Renaming Generated Nets : Time (s): cpu = 00:01:47 ; elapsed = 00:01:49 . Memory (MB): peak = 711.965 ; gain = 501.691

Report Cell Usage: 
+------+--------+------+
|      |Cell    |Count |
+------+--------+------+
|1     |LUT1    |     5|
|2     |LUT2    |    18|
|3     |LUT3    |    15|
|4     |LUT4    |    89|
|5     |LUT5    |    65|
|6     |LUT6    |    85|
|7     |SRLC32E |    28|
|8     |FDRE    |   263|
|9     |FDSE    |     2|
+------+--------+------+
Finished Writing Synthesis Report : Time (s): cpu = 00:01:47 ; elapsed = 00:01:49 . Memory (MB): peak = 711.965 ; gain = 501.691
synth_design: Time (s): cpu = 00:01:43 ; elapsed = 00:01:44 . Memory (MB): peak = 712.625 ; gain = 450.863
