
*** Running vivado
    with args -log design_simple_poll_intp_xlconcat_0_0.vds -m64 -product Vivado -mode batch -messageDb vivado.pb -notrace -source design_simple_poll_intp_xlconcat_0_0.tcl


****** Vivado v2016.4 (64-bit)
  **** SW Build 1756540 on Mon Jan 23 19:11:23 MST 2017
  **** IP Build 1755317 on Mon Jan 23 20:30:07 MST 2017
    ** Copyright 1986-2016 Xilinx, Inc. All Rights Reserved.

source design_simple_poll_intp_xlconcat_0_0.tcl -notrace
Starting RTL Elaboration : Time (s): cpu = 00:00:08 ; elapsed = 00:00:09 . Memory (MB): peak = 339.262 ; gain = 129.656
INFO: [Synth 8-638] synthesizing module 'design_simple_poll_intp_xlconcat_0_0' [c:/Users/kab/Desktop/workspace/dma_simple_poll_intp/dma_simple_poll_intp.srcs/sources_1/bd/design_simple_poll_intp/ip/design_simple_poll_intp_xlconcat_0_0/synth/design_simple_poll_intp_xlconcat_0_0.vhd:67]
INFO: [Synth 8-638] synthesizing module 'xlconcat' [c:/Users/kab/Desktop/workspace/dma_simple_poll_intp/dma_simple_poll_intp.srcs/sources_1/bd/design_simple_poll_intp/ipshared/2e37/xlconcat.vhd:100]
INFO: [Synth 8-256] done synthesizing module 'xlconcat' (1#1) [c:/Users/kab/Desktop/workspace/dma_simple_poll_intp/dma_simple_poll_intp.srcs/sources_1/bd/design_simple_poll_intp/ipshared/2e37/xlconcat.vhd:100]
INFO: [Synth 8-256] done synthesizing module 'design_simple_poll_intp_xlconcat_0_0' (2#1) [c:/Users/kab/Desktop/workspace/dma_simple_poll_intp/dma_simple_poll_intp.srcs/sources_1/bd/design_simple_poll_intp/ip/design_simple_poll_intp_xlconcat_0_0/synth/design_simple_poll_intp_xlconcat_0_0.vhd:67]
Finished RTL Elaboration : Time (s): cpu = 00:00:09 ; elapsed = 00:00:10 . Memory (MB): peak = 377.680 ; gain = 168.074
Finished RTL Optimization Phase 1 : Time (s): cpu = 00:00:09 ; elapsed = 00:00:10 . Memory (MB): peak = 377.680 ; gain = 168.074
INFO: [Device 21-403] Loading part xc7z020clg484-1
Constraint Validation Runtime : Time (s): cpu = 00:00:00 ; elapsed = 00:00:00.012 . Memory (MB): peak = 594.246 ; gain = 0.000
Finished Constraint Validation : Time (s): cpu = 00:00:17 ; elapsed = 00:00:18 . Memory (MB): peak = 594.246 ; gain = 384.641
Finished Loading Part and Timing Information : Time (s): cpu = 00:00:17 ; elapsed = 00:00:18 . Memory (MB): peak = 594.246 ; gain = 384.641
Finished applying 'set_property' XDC Constraints : Time (s): cpu = 00:00:17 ; elapsed = 00:00:18 . Memory (MB): peak = 594.246 ; gain = 384.641
Finished RTL Optimization Phase 2 : Time (s): cpu = 00:00:17 ; elapsed = 00:00:18 . Memory (MB): peak = 594.246 ; gain = 384.641
Finished Cross Boundary and Area Optimization : Time (s): cpu = 00:00:17 ; elapsed = 00:00:19 . Memory (MB): peak = 594.246 ; gain = 384.641
Finished Applying XDC Timing Constraints : Time (s): cpu = 00:00:27 ; elapsed = 00:00:28 . Memory (MB): peak = 629.230 ; gain = 419.625
Finished Timing Optimization : Time (s): cpu = 00:00:27 ; elapsed = 00:00:28 . Memory (MB): peak = 629.230 ; gain = 419.625
Finished Technology Mapping : Time (s): cpu = 00:00:27 ; elapsed = 00:00:28 . Memory (MB): peak = 638.898 ; gain = 429.293
Finished IO Insertion : Time (s): cpu = 00:00:28 ; elapsed = 00:00:29 . Memory (MB): peak = 638.898 ; gain = 429.293
Finished Renaming Generated Instances : Time (s): cpu = 00:00:28 ; elapsed = 00:00:29 . Memory (MB): peak = 638.898 ; gain = 429.293
Finished Rebuilding User Hierarchy : Time (s): cpu = 00:00:28 ; elapsed = 00:00:29 . Memory (MB): peak = 638.898 ; gain = 429.293
Finished Renaming Generated Ports : Time (s): cpu = 00:00:28 ; elapsed = 00:00:29 . Memory (MB): peak = 638.898 ; gain = 429.293
Finished Handling Custom Attributes : Time (s): cpu = 00:00:28 ; elapsed = 00:00:29 . Memory (MB): peak = 638.898 ; gain = 429.293
Finished Renaming Generated Nets : Time (s): cpu = 00:00:28 ; elapsed = 00:00:29 . Memory (MB): peak = 638.898 ; gain = 429.293

Report Cell Usage: 
+-+-----+------+
| |Cell |Count |
+-+-----+------+
+-+-----+------+
Finished Writing Synthesis Report : Time (s): cpu = 00:00:28 ; elapsed = 00:00:29 . Memory (MB): peak = 638.898 ; gain = 429.293
synth_design: Time (s): cpu = 00:00:25 ; elapsed = 00:00:24 . Memory (MB): peak = 653.797 ; gain = 391.789
