
*** Running vivado
    with args -log design_simple_poll_intp_wrapper.vdi -applog -m64 -product Vivado -messageDb vivado.pb -mode batch -source design_simple_poll_intp_wrapper.tcl -notrace


****** Vivado v2016.4 (64-bit)
  **** SW Build 1756540 on Mon Jan 23 19:11:23 MST 2017
  **** IP Build 1755317 on Mon Jan 23 20:30:07 MST 2017
    ** Copyright 1986-2016 Xilinx, Inc. All Rights Reserved.

source design_simple_poll_intp_wrapper.tcl -notrace
Design is defaulting to srcset: sources_1
Design is defaulting to constrset: constrs_1
INFO: [Project 1-454] Reading design checkpoint 'c:/Users/kab/Desktop/workspace/dma_simple_poll_intp/dma_simple_poll_intp.srcs/sources_1/bd/design_simple_poll_intp/ip/design_simple_poll_intp_axi_dma_0_0/design_simple_poll_intp_axi_dma_0_0.dcp' for cell 'design_simple_poll_intp_i/axi_dma_0'
INFO: [Project 1-454] Reading design checkpoint 'c:/Users/kab/Desktop/workspace/dma_simple_poll_intp/dma_simple_poll_intp.srcs/sources_1/bd/design_simple_poll_intp/ip/design_simple_poll_intp_axis_data_fifo_0_0/design_simple_poll_intp_axis_data_fifo_0_0.dcp' for cell 'design_simple_poll_intp_i/axis_data_fifo_0'
INFO: [Project 1-454] Reading design checkpoint 'c:/Users/kab/Desktop/workspace/dma_simple_poll_intp/dma_simple_poll_intp.srcs/sources_1/bd/design_simple_poll_intp/ip/design_simple_poll_intp_processing_system7_0_0/design_simple_poll_intp_processing_system7_0_0.dcp' for cell 'design_simple_poll_intp_i/processing_system7_0'
INFO: [Project 1-454] Reading design checkpoint 'c:/Users/kab/Desktop/workspace/dma_simple_poll_intp/dma_simple_poll_intp.srcs/sources_1/bd/design_simple_poll_intp/ip/design_simple_poll_intp_rst_ps7_0_100M_0/design_simple_poll_intp_rst_ps7_0_100M_0.dcp' for cell 'design_simple_poll_intp_i/rst_ps7_0_100M'
INFO: [Project 1-454] Reading design checkpoint 'c:/Users/kab/Desktop/workspace/dma_simple_poll_intp/dma_simple_poll_intp.srcs/sources_1/bd/design_simple_poll_intp/ip/design_simple_poll_intp_xlconcat_0_0/design_simple_poll_intp_xlconcat_0_0.dcp' for cell 'design_simple_poll_intp_i/xlconcat_0'
INFO: [Project 1-454] Reading design checkpoint 'c:/Users/kab/Desktop/workspace/dma_simple_poll_intp/dma_simple_poll_intp.srcs/sources_1/bd/design_simple_poll_intp/ip/design_simple_poll_intp_xbar_0/design_simple_poll_intp_xbar_0.dcp' for cell 'design_simple_poll_intp_i/axi_mem_intercon/xbar'
INFO: [Project 1-454] Reading design checkpoint 'c:/Users/kab/Desktop/workspace/dma_simple_poll_intp/dma_simple_poll_intp.srcs/sources_1/bd/design_simple_poll_intp/ip/design_simple_poll_intp_auto_pc_1/design_simple_poll_intp_auto_pc_1.dcp' for cell 'design_simple_poll_intp_i/axi_mem_intercon/m00_couplers/auto_pc'
INFO: [Project 1-454] Reading design checkpoint 'c:/Users/kab/Desktop/workspace/dma_simple_poll_intp/dma_simple_poll_intp.srcs/sources_1/bd/design_simple_poll_intp/ip/design_simple_poll_intp_auto_us_0/design_simple_poll_intp_auto_us_0.dcp' for cell 'design_simple_poll_intp_i/axi_mem_intercon/s00_couplers/auto_us'
INFO: [Project 1-454] Reading design checkpoint 'c:/Users/kab/Desktop/workspace/dma_simple_poll_intp/dma_simple_poll_intp.srcs/sources_1/bd/design_simple_poll_intp/ip/design_simple_poll_intp_auto_us_1/design_simple_poll_intp_auto_us_1.dcp' for cell 'design_simple_poll_intp_i/axi_mem_intercon/s01_couplers/auto_us'
INFO: [Project 1-454] Reading design checkpoint 'c:/Users/kab/Desktop/workspace/dma_simple_poll_intp/dma_simple_poll_intp.srcs/sources_1/bd/design_simple_poll_intp/ip/design_simple_poll_intp_auto_pc_0/design_simple_poll_intp_auto_pc_0.dcp' for cell 'design_simple_poll_intp_i/ps7_0_axi_periph/s00_couplers/auto_pc'
INFO: [Netlist 29-17] Analyzing 93 Unisim elements for replacement
INFO: [Netlist 29-28] Unisim Transformation completed in 0 CPU seconds
INFO: [Project 1-479] Netlist was created with Vivado 2016.4
INFO: [Device 21-403] Loading part xc7z020clg484-1
INFO: [Project 1-570] Preparing netlist for logic optimization
Parsing XDC File [c:/Users/kab/Desktop/workspace/dma_simple_poll_intp/dma_simple_poll_intp.srcs/sources_1/bd/design_simple_poll_intp/ip/design_simple_poll_intp_processing_system7_0_0/design_simple_poll_intp_processing_system7_0_0.xdc] for cell 'design_simple_poll_intp_i/processing_system7_0/inst'
Finished Parsing XDC File [c:/Users/kab/Desktop/workspace/dma_simple_poll_intp/dma_simple_poll_intp.srcs/sources_1/bd/design_simple_poll_intp/ip/design_simple_poll_intp_processing_system7_0_0/design_simple_poll_intp_processing_system7_0_0.xdc] for cell 'design_simple_poll_intp_i/processing_system7_0/inst'
Parsing XDC File [c:/Users/kab/Desktop/workspace/dma_simple_poll_intp/dma_simple_poll_intp.srcs/sources_1/bd/design_simple_poll_intp/ip/design_simple_poll_intp_axi_dma_0_0/design_simple_poll_intp_axi_dma_0_0.xdc] for cell 'design_simple_poll_intp_i/axi_dma_0/U0'
Finished Parsing XDC File [c:/Users/kab/Desktop/workspace/dma_simple_poll_intp/dma_simple_poll_intp.srcs/sources_1/bd/design_simple_poll_intp/ip/design_simple_poll_intp_axi_dma_0_0/design_simple_poll_intp_axi_dma_0_0.xdc] for cell 'design_simple_poll_intp_i/axi_dma_0/U0'
Parsing XDC File [c:/Users/kab/Desktop/workspace/dma_simple_poll_intp/dma_simple_poll_intp.srcs/sources_1/bd/design_simple_poll_intp/ip/design_simple_poll_intp_rst_ps7_0_100M_0/design_simple_poll_intp_rst_ps7_0_100M_0_board.xdc] for cell 'design_simple_poll_intp_i/rst_ps7_0_100M/U0'
Finished Parsing XDC File [c:/Users/kab/Desktop/workspace/dma_simple_poll_intp/dma_simple_poll_intp.srcs/sources_1/bd/design_simple_poll_intp/ip/design_simple_poll_intp_rst_ps7_0_100M_0/design_simple_poll_intp_rst_ps7_0_100M_0_board.xdc] for cell 'design_simple_poll_intp_i/rst_ps7_0_100M/U0'
Parsing XDC File [c:/Users/kab/Desktop/workspace/dma_simple_poll_intp/dma_simple_poll_intp.srcs/sources_1/bd/design_simple_poll_intp/ip/design_simple_poll_intp_rst_ps7_0_100M_0/design_simple_poll_intp_rst_ps7_0_100M_0.xdc] for cell 'design_simple_poll_intp_i/rst_ps7_0_100M/U0'
Finished Parsing XDC File [c:/Users/kab/Desktop/workspace/dma_simple_poll_intp/dma_simple_poll_intp.srcs/sources_1/bd/design_simple_poll_intp/ip/design_simple_poll_intp_rst_ps7_0_100M_0/design_simple_poll_intp_rst_ps7_0_100M_0.xdc] for cell 'design_simple_poll_intp_i/rst_ps7_0_100M/U0'
Parsing XDC File [c:/Users/kab/Desktop/workspace/dma_simple_poll_intp/dma_simple_poll_intp.srcs/sources_1/bd/design_simple_poll_intp/ip/design_simple_poll_intp_axis_data_fifo_0_0/design_simple_poll_intp_axis_data_fifo_0_0/design_simple_poll_intp_axis_data_fifo_0_0.xdc] for cell 'design_simple_poll_intp_i/axis_data_fifo_0/inst'
Finished Parsing XDC File [c:/Users/kab/Desktop/workspace/dma_simple_poll_intp/dma_simple_poll_intp.srcs/sources_1/bd/design_simple_poll_intp/ip/design_simple_poll_intp_axis_data_fifo_0_0/design_simple_poll_intp_axis_data_fifo_0_0/design_simple_poll_intp_axis_data_fifo_0_0.xdc] for cell 'design_simple_poll_intp_i/axis_data_fifo_0/inst'
INFO: [Project 1-538] Using original IP XDC constraints instead of the XDC constraints in dcp 'c:/Users/kab/Desktop/workspace/dma_simple_poll_intp/dma_simple_poll_intp.srcs/sources_1/bd/design_simple_poll_intp/ip/design_simple_poll_intp_processing_system7_0_0/design_simple_poll_intp_processing_system7_0_0.dcp'
INFO: [Project 1-538] Using original IP XDC constraints instead of the XDC constraints in dcp 'c:/Users/kab/Desktop/workspace/dma_simple_poll_intp/dma_simple_poll_intp.srcs/sources_1/bd/design_simple_poll_intp/ip/design_simple_poll_intp_axi_dma_0_0/design_simple_poll_intp_axi_dma_0_0.dcp'
INFO: [Project 1-538] Using original IP XDC constraints instead of the XDC constraints in dcp 'c:/Users/kab/Desktop/workspace/dma_simple_poll_intp/dma_simple_poll_intp.srcs/sources_1/bd/design_simple_poll_intp/ip/design_simple_poll_intp_rst_ps7_0_100M_0/design_simple_poll_intp_rst_ps7_0_100M_0.dcp'
INFO: [Project 1-538] Using original IP XDC constraints instead of the XDC constraints in dcp 'c:/Users/kab/Desktop/workspace/dma_simple_poll_intp/dma_simple_poll_intp.srcs/sources_1/bd/design_simple_poll_intp/ip/design_simple_poll_intp_xbar_0/design_simple_poll_intp_xbar_0.dcp'
INFO: [Project 1-538] Using original IP XDC constraints instead of the XDC constraints in dcp 'c:/Users/kab/Desktop/workspace/dma_simple_poll_intp/dma_simple_poll_intp.srcs/sources_1/bd/design_simple_poll_intp/ip/design_simple_poll_intp_axis_data_fifo_0_0/design_simple_poll_intp_axis_data_fifo_0_0.dcp'
INFO: [Project 1-538] Using original IP XDC constraints instead of the XDC constraints in dcp 'c:/Users/kab/Desktop/workspace/dma_simple_poll_intp/dma_simple_poll_intp.srcs/sources_1/bd/design_simple_poll_intp/ip/design_simple_poll_intp_auto_pc_0/design_simple_poll_intp_auto_pc_0.dcp'
INFO: [Project 1-538] Using original IP XDC constraints instead of the XDC constraints in dcp 'c:/Users/kab/Desktop/workspace/dma_simple_poll_intp/dma_simple_poll_intp.srcs/sources_1/bd/design_simple_poll_intp/ip/design_simple_poll_intp_auto_pc_1/design_simple_poll_intp_auto_pc_1.dcp'
INFO: [Project 1-538] Using original IP XDC constraints instead of the XDC constraints in dcp 'c:/Users/kab/Desktop/workspace/dma_simple_poll_intp/dma_simple_poll_intp.srcs/sources_1/bd/design_simple_poll_intp/ip/design_simple_poll_intp_auto_us_0/design_simple_poll_intp_auto_us_0.dcp'
INFO: [Project 1-538] Using original IP XDC constraints instead of the XDC constraints in dcp 'c:/Users/kab/Desktop/workspace/dma_simple_poll_intp/dma_simple_poll_intp.srcs/sources_1/bd/design_simple_poll_intp/ip/design_simple_poll_intp_auto_us_1/design_simple_poll_intp_auto_us_1.dcp'
Parsing XDC File [c:/Users/kab/Desktop/workspace/dma_simple_poll_intp/dma_simple_poll_intp.srcs/sources_1/bd/design_simple_poll_intp/ip/design_simple_poll_intp_axi_dma_0_0/design_simple_poll_intp_axi_dma_0_0_clocks.xdc] for cell 'design_simple_poll_intp_i/axi_dma_0/U0'
Finished Parsing XDC File [c:/Users/kab/Desktop/workspace/dma_simple_poll_intp/dma_simple_poll_intp.srcs/sources_1/bd/design_simple_poll_intp/ip/design_simple_poll_intp_axi_dma_0_0/design_simple_poll_intp_axi_dma_0_0_clocks.xdc] for cell 'design_simple_poll_intp_i/axi_dma_0/U0'
Parsing XDC File [c:/Users/kab/Desktop/workspace/dma_simple_poll_intp/dma_simple_poll_intp.srcs/sources_1/bd/design_simple_poll_intp/ip/design_simple_poll_intp_auto_us_0/design_simple_poll_intp_auto_us_0_clocks.xdc] for cell 'design_simple_poll_intp_i/axi_mem_intercon/s00_couplers/auto_us/inst'
Finished Parsing XDC File [c:/Users/kab/Desktop/workspace/dma_simple_poll_intp/dma_simple_poll_intp.srcs/sources_1/bd/design_simple_poll_intp/ip/design_simple_poll_intp_auto_us_0/design_simple_poll_intp_auto_us_0_clocks.xdc] for cell 'design_simple_poll_intp_i/axi_mem_intercon/s00_couplers/auto_us/inst'
Parsing XDC File [c:/Users/kab/Desktop/workspace/dma_simple_poll_intp/dma_simple_poll_intp.srcs/sources_1/bd/design_simple_poll_intp/ip/design_simple_poll_intp_auto_us_1/design_simple_poll_intp_auto_us_1_clocks.xdc] for cell 'design_simple_poll_intp_i/axi_mem_intercon/s01_couplers/auto_us/inst'
Finished Parsing XDC File [c:/Users/kab/Desktop/workspace/dma_simple_poll_intp/dma_simple_poll_intp.srcs/sources_1/bd/design_simple_poll_intp/ip/design_simple_poll_intp_auto_us_1/design_simple_poll_intp_auto_us_1_clocks.xdc] for cell 'design_simple_poll_intp_i/axi_mem_intercon/s01_couplers/auto_us/inst'
INFO: [Opt 31-138] Pushed 0 inverter(s) to 0 load pin(s).
INFO: [Project 1-111] Unisim Transformation Summary:
  A total of 5 instances were transformed.
  RAM32M => RAM32M (RAMD32, RAMD32, RAMD32, RAMD32, RAMD32, RAMD32, RAMS32, RAMS32): 4 instances
  RAM32X1D => RAM32X1D (RAMD32, RAMD32): 1 instances

link_design: Time (s): cpu = 00:00:12 ; elapsed = 00:00:14 . Memory (MB): peak = 564.914 ; gain = 319.035
Command: opt_design
Attempting to get a license for feature 'Implementation' and/or device 'xc7z020'
INFO: [Common 17-349] Got license for feature 'Implementation' and/or device 'xc7z020'
Running DRC as a precondition to command opt_design

Starting DRC Task
INFO: [DRC 23-27] Running DRC with 2 threads
INFO: [Project 1-461] DRC finished with 0 Errors
INFO: [Project 1-462] Please refer to the DRC report (report_drc) for more information.

Time (s): cpu = 00:00:01 ; elapsed = 00:00:00.811 . Memory (MB): peak = 576.547 ; gain = 11.633
INFO: [Timing 38-35] Done setting XDC timing constraints.

Starting Logic Optimization Task
Implement Debug Cores | Checksum: f92dc607

Phase 1 Retarget
INFO: [Opt 31-138] Pushed 2 inverter(s) to 2 load pin(s).
INFO: [Opt 31-49] Retargeted 0 cell(s).
Phase 1 Retarget | Checksum: 1d90cfe10

Time (s): cpu = 00:00:01 ; elapsed = 00:00:00.528 . Memory (MB): peak = 1080.207 ; gain = 0.000

Phase 2 Constant propagation
INFO: [Opt 31-138] Pushed 7 inverter(s) to 16 load pin(s).
INFO: [Opt 31-10] Eliminated 441 cells.
Phase 2 Constant propagation | Checksum: 20d183077

Time (s): cpu = 00:00:01 ; elapsed = 00:00:01 . Memory (MB): peak = 1080.207 ; gain = 0.000

Phase 3 Sweep
INFO: [Opt 31-12] Eliminated 817 unconnected nets.
INFO: [Opt 31-11] Eliminated 543 unconnected cells.
Phase 3 Sweep | Checksum: 110a50472

Time (s): cpu = 00:00:02 ; elapsed = 00:00:02 . Memory (MB): peak = 1080.207 ; gain = 0.000

Phase 4 BUFG optimization
INFO: [Opt 31-12] Eliminated 0 unconnected nets.
INFO: [Opt 31-11] Eliminated 0 unconnected cells.
Phase 4 BUFG optimization | Checksum: e966c67f

Time (s): cpu = 00:00:03 ; elapsed = 00:00:03 . Memory (MB): peak = 1080.207 ; gain = 0.000

Starting Connectivity Check Task

Time (s): cpu = 00:00:00 ; elapsed = 00:00:00.020 . Memory (MB): peak = 1080.207 ; gain = 0.000
Ending Logic Optimization Task | Checksum: e966c67f

Time (s): cpu = 00:00:03 ; elapsed = 00:00:03 . Memory (MB): peak = 1080.207 ; gain = 0.000

Starting Power Optimization Task
INFO: [Pwropt 34-132] Skipping clock gating for clocks with a period < 2.00 ns.
INFO: [Pwropt 34-9] Applying IDT optimizations ...
INFO: [Pwropt 34-10] Applying ODC optimizations ...
INFO: [Timing 38-35] Done setting XDC timing constraints.
Running Vector-less Activity Propagation...

Finished Running Vector-less Activity Propagation


Starting PowerOpt Patch Enables Task
INFO: [Pwropt 34-162] WRITE_MODE attribute of 2 BRAM(s) out of a total of 4 has been updated to save power. Run report_power_opt to get a complete listing of the BRAMs updated.
INFO: [Pwropt 34-201] Structural ODC has moved 0 WE to EN ports
Number of BRAM Ports augmented: 3 newly gated: 0 Total Ports: 8
Ending PowerOpt Patch Enables Task | Checksum: 102a1c9be

Time (s): cpu = 00:00:00 ; elapsed = 00:00:00.032 . Memory (MB): peak = 1302.762 ; gain = 0.000
Ending Power Optimization Task | Checksum: 102a1c9be

Time (s): cpu = 00:00:04 ; elapsed = 00:00:02 . Memory (MB): peak = 1302.762 ; gain = 222.555
INFO: [Common 17-83] Releasing license: Implementation
46 Infos, 0 Warnings, 0 Critical Warnings and 0 Errors encountered.
opt_design completed successfully
opt_design: Time (s): cpu = 00:00:21 ; elapsed = 00:00:19 . Memory (MB): peak = 1302.762 ; gain = 737.848
Writing placer database...
Writing XDEF routing.
Writing XDEF routing logical nets.
Writing XDEF routing special nets.
Write XDEF Complete: Time (s): cpu = 00:00:01 ; elapsed = 00:00:00.069 . Memory (MB): peak = 1302.762 ; gain = 0.000
INFO: [Common 17-1381] The checkpoint 'C:/Users/kab/Desktop/workspace/dma_simple_poll_intp/dma_simple_poll_intp.runs/impl_1/design_simple_poll_intp_wrapper_opt.dcp' has been generated.
INFO: [DRC 23-27] Running DRC with 2 threads
INFO: [Coretcl 2-168] The results of DRC are in file C:/Users/kab/Desktop/workspace/dma_simple_poll_intp/dma_simple_poll_intp.runs/impl_1/design_simple_poll_intp_wrapper_drc_opted.rpt.
INFO: [Chipscope 16-241] No debug cores found in the current design.
Before running the implement_debug_core command, either use the Set Up Debug wizard (GUI mode)
or use the create_debug_core and connect_debug_core Tcl commands to insert debug cores into the design.
Command: place_design
Attempting to get a license for feature 'Implementation' and/or device 'xc7z020'
INFO: [Common 17-349] Got license for feature 'Implementation' and/or device 'xc7z020'
INFO: [DRC 23-27] Running DRC with 2 threads
INFO: [Vivado_Tcl 4-198] DRC finished with 0 Errors
INFO: [Vivado_Tcl 4-199] Please refer to the DRC report (report_drc) for more information.
Running DRC as a precondition to command place_design
INFO: [DRC 23-27] Running DRC with 2 threads
INFO: [Vivado_Tcl 4-198] DRC finished with 0 Errors
INFO: [Vivado_Tcl 4-199] Please refer to the DRC report (report_drc) for more information.

Starting Placer Task
INFO: [Place 30-611] Multithreading enabled for place_design using a maximum of 2 CPUs

Phase 1 Placer Initialization
Netlist sorting complete. Time (s): cpu = 00:00:00 ; elapsed = 00:00:00.029 . Memory (MB): peak = 1302.762 ; gain = 0.000
INFO: [Timing 38-35] Done setting XDC timing constraints.
INFO: [Opt 31-138] Pushed 0 inverter(s) to 0 load pin(s).
Netlist sorting complete. Time (s): cpu = 00:00:00 ; elapsed = 00:00:00.016 . Memory (MB): peak = 1302.762 ; gain = 0.000

Phase 1.1 IO Placement/ Clock Placement/ Build Placer Device
INFO: [Timing 38-35] Done setting XDC timing constraints.
Phase 1.1 IO Placement/ Clock Placement/ Build Placer Device | Checksum: cb85a5a6

Time (s): cpu = 00:00:04 ; elapsed = 00:00:03 . Memory (MB): peak = 1302.762 ; gain = 0.000

Phase 1.2 Build Placer Netlist Model
Phase 1.2 Build Placer Netlist Model | Checksum: d1f0d3e9

Time (s): cpu = 00:00:07 ; elapsed = 00:00:05 . Memory (MB): peak = 1302.762 ; gain = 0.000

Phase 1.3 Constrain Clocks/Macros
Phase 1.3 Constrain Clocks/Macros | Checksum: d1f0d3e9

Time (s): cpu = 00:00:07 ; elapsed = 00:00:05 . Memory (MB): peak = 1302.762 ; gain = 0.000
Phase 1 Placer Initialization | Checksum: d1f0d3e9

Time (s): cpu = 00:00:07 ; elapsed = 00:00:05 . Memory (MB): peak = 1302.762 ; gain = 0.000

Phase 2 Global Placement
Phase 2 Global Placement | Checksum: 183b0ceea

Time (s): cpu = 00:00:14 ; elapsed = 00:00:09 . Memory (MB): peak = 1302.762 ; gain = 0.000

Phase 3 Detail Placement

Phase 3.1 Commit Multi Column Macros
Phase 3.1 Commit Multi Column Macros | Checksum: 183b0ceea

Time (s): cpu = 00:00:15 ; elapsed = 00:00:09 . Memory (MB): peak = 1302.762 ; gain = 0.000

Phase 3.2 Commit Most Macros & LUTRAMs
Phase 3.2 Commit Most Macros & LUTRAMs | Checksum: 181f585e0

Time (s): cpu = 00:00:16 ; elapsed = 00:00:10 . Memory (MB): peak = 1302.762 ; gain = 0.000

Phase 3.3 Area Swap Optimization
Phase 3.3 Area Swap Optimization | Checksum: 1f65b4341

Time (s): cpu = 00:00:16 ; elapsed = 00:00:10 . Memory (MB): peak = 1302.762 ; gain = 0.000

Phase 3.4 Pipeline Register Optimization
Phase 3.4 Pipeline Register Optimization | Checksum: 1e77a0ef2

Time (s): cpu = 00:00:16 ; elapsed = 00:00:10 . Memory (MB): peak = 1302.762 ; gain = 0.000

Phase 3.5 Timing Path Optimizer
Phase 3.5 Timing Path Optimizer | Checksum: 1305b41ad

Time (s): cpu = 00:00:17 ; elapsed = 00:00:11 . Memory (MB): peak = 1302.762 ; gain = 0.000

Phase 3.6 Small Shape Detail Placement
Phase 3.6 Small Shape Detail Placement | Checksum: 206d7fc02

Time (s): cpu = 00:00:19 ; elapsed = 00:00:13 . Memory (MB): peak = 1302.762 ; gain = 0.000

Phase 3.7 Re-assign LUT pins
Phase 3.7 Re-assign LUT pins | Checksum: 171ef1150

Time (s): cpu = 00:00:19 ; elapsed = 00:00:13 . Memory (MB): peak = 1302.762 ; gain = 0.000

Phase 3.8 Pipeline Register Optimization
Phase 3.8 Pipeline Register Optimization | Checksum: 171ef1150

Time (s): cpu = 00:00:19 ; elapsed = 00:00:13 . Memory (MB): peak = 1302.762 ; gain = 0.000
Phase 3 Detail Placement | Checksum: 171ef1150

Time (s): cpu = 00:00:19 ; elapsed = 00:00:13 . Memory (MB): peak = 1302.762 ; gain = 0.000

Phase 4 Post Placement Optimization and Clean-Up

Phase 4.1 Post Commit Optimization
INFO: [Timing 38-35] Done setting XDC timing constraints.

Phase 4.1.1 Post Placement Optimization
INFO: [Place 30-746] Post Placement Timing Summary WNS=0.545. For the most accurate timing information please run report_timing.
Phase 4.1.1 Post Placement Optimization | Checksum: 1eb909788

Time (s): cpu = 00:00:21 ; elapsed = 00:00:14 . Memory (MB): peak = 1302.762 ; gain = 0.000
Phase 4.1 Post Commit Optimization | Checksum: 1eb909788

Time (s): cpu = 00:00:22 ; elapsed = 00:00:14 . Memory (MB): peak = 1302.762 ; gain = 0.000

Phase 4.2 Post Placement Cleanup
Phase 4.2 Post Placement Cleanup | Checksum: 1eb909788

Time (s): cpu = 00:00:22 ; elapsed = 00:00:14 . Memory (MB): peak = 1302.762 ; gain = 0.000

Phase 4.3 Placer Reporting
Phase 4.3 Placer Reporting | Checksum: 1eb909788

Time (s): cpu = 00:00:22 ; elapsed = 00:00:15 . Memory (MB): peak = 1302.762 ; gain = 0.000

Phase 4.4 Final Placement Cleanup
Phase 4.4 Final Placement Cleanup | Checksum: 12d7b016f

Time (s): cpu = 00:00:22 ; elapsed = 00:00:15 . Memory (MB): peak = 1302.762 ; gain = 0.000
Phase 4 Post Placement Optimization and Clean-Up | Checksum: 12d7b016f

Time (s): cpu = 00:00:22 ; elapsed = 00:00:15 . Memory (MB): peak = 1302.762 ; gain = 0.000
Ending Placer Task | Checksum: 86ba1f42

Time (s): cpu = 00:00:22 ; elapsed = 00:00:15 . Memory (MB): peak = 1302.762 ; gain = 0.000
INFO: [Common 17-83] Releasing license: Implementation
64 Infos, 0 Warnings, 0 Critical Warnings and 0 Errors encountered.
place_design completed successfully
place_design: Time (s): cpu = 00:00:25 ; elapsed = 00:00:16 . Memory (MB): peak = 1302.762 ; gain = 0.000
Writing placer database...
Writing XDEF routing.
Writing XDEF routing logical nets.
Writing XDEF routing special nets.
Write XDEF Complete: Time (s): cpu = 00:00:02 ; elapsed = 00:00:00.676 . Memory (MB): peak = 1302.762 ; gain = 0.000
INFO: [Common 17-1381] The checkpoint 'C:/Users/kab/Desktop/workspace/dma_simple_poll_intp/dma_simple_poll_intp.runs/impl_1/design_simple_poll_intp_wrapper_placed.dcp' has been generated.
report_io: Time (s): cpu = 00:00:00 ; elapsed = 00:00:00.063 . Memory (MB): peak = 1302.762 ; gain = 0.000
report_utilization: Time (s): cpu = 00:00:00 ; elapsed = 00:00:00.078 . Memory (MB): peak = 1302.762 ; gain = 0.000
report_control_sets: Time (s): cpu = 00:00:00 ; elapsed = 00:00:00.029 . Memory (MB): peak = 1302.762 ; gain = 0.000
Command: route_design
Attempting to get a license for feature 'Implementation' and/or device 'xc7z020'
INFO: [Common 17-349] Got license for feature 'Implementation' and/or device 'xc7z020'
Running DRC as a precondition to command route_design
INFO: [DRC 23-27] Running DRC with 2 threads
INFO: [Vivado_Tcl 4-198] DRC finished with 0 Errors
INFO: [Vivado_Tcl 4-199] Please refer to the DRC report (report_drc) for more information.


Starting Routing Task
INFO: [Route 35-254] Multithreading enabled for route_design using a maximum of 2 CPUs
Checksum: PlaceDB: 67a88306 ConstDB: 0 ShapeSum: 1f119c3c RouteDB: 0

Phase 1 Build RT Design
Phase 1 Build RT Design | Checksum: d1275c0e

Time (s): cpu = 00:00:31 ; elapsed = 00:00:27 . Memory (MB): peak = 1302.762 ; gain = 0.000

Phase 2 Router Initialization

Phase 2.1 Create Timer
Phase 2.1 Create Timer | Checksum: d1275c0e

Time (s): cpu = 00:00:31 ; elapsed = 00:00:27 . Memory (MB): peak = 1302.762 ; gain = 0.000

Phase 2.2 Fix Topology Constraints
Phase 2.2 Fix Topology Constraints | Checksum: d1275c0e

Time (s): cpu = 00:00:31 ; elapsed = 00:00:27 . Memory (MB): peak = 1302.762 ; gain = 0.000

Phase 2.3 Pre Route Cleanup
Phase 2.3 Pre Route Cleanup | Checksum: d1275c0e

Time (s): cpu = 00:00:31 ; elapsed = 00:00:27 . Memory (MB): peak = 1302.762 ; gain = 0.000
 Number of Nodes with overlaps = 0

Phase 2.4 Update Timing
Phase 2.4 Update Timing | Checksum: 1cfbdf274

Time (s): cpu = 00:00:34 ; elapsed = 00:00:29 . Memory (MB): peak = 1302.762 ; gain = 0.000
INFO: [Route 35-416] Intermediate Timing Summary | WNS=0.821  | TNS=0.000  | WHS=-0.323 | THS=-110.390|

Phase 2 Router Initialization | Checksum: 1ea8535a5

Time (s): cpu = 00:00:35 ; elapsed = 00:00:29 . Memory (MB): peak = 1302.762 ; gain = 0.000

Phase 3 Initial Routing
Phase 3 Initial Routing | Checksum: 1418928ec

Time (s): cpu = 00:00:37 ; elapsed = 00:00:30 . Memory (MB): peak = 1302.762 ; gain = 0.000

Phase 4 Rip-up And Reroute

Phase 4.1 Global Iteration 0
 Number of Nodes with overlaps = 503
 Number of Nodes with overlaps = 24
 Number of Nodes with overlaps = 1
 Number of Nodes with overlaps = 0

Phase 4.1.1 Update Timing
Phase 4.1.1 Update Timing | Checksum: 244c2c248

Time (s): cpu = 00:00:40 ; elapsed = 00:00:32 . Memory (MB): peak = 1302.762 ; gain = 0.000
INFO: [Route 35-416] Intermediate Timing Summary | WNS=0.908  | TNS=0.000  | WHS=N/A    | THS=N/A    |

Phase 4.1 Global Iteration 0 | Checksum: 2320b9b9c

Time (s): cpu = 00:00:40 ; elapsed = 00:00:32 . Memory (MB): peak = 1302.762 ; gain = 0.000

Phase 4.2 Global Iteration 1
 Number of Nodes with overlaps = 6
 Number of Nodes with overlaps = 0

Phase 4.2.1 Update Timing
Phase 4.2.1 Update Timing | Checksum: 20b5a9176

Time (s): cpu = 00:00:40 ; elapsed = 00:00:32 . Memory (MB): peak = 1302.762 ; gain = 0.000
INFO: [Route 35-416] Intermediate Timing Summary | WNS=0.908  | TNS=0.000  | WHS=N/A    | THS=N/A    |

Phase 4.2 Global Iteration 1 | Checksum: 20695d1f0

Time (s): cpu = 00:00:40 ; elapsed = 00:00:32 . Memory (MB): peak = 1302.762 ; gain = 0.000
Phase 4 Rip-up And Reroute | Checksum: 20695d1f0

Time (s): cpu = 00:00:40 ; elapsed = 00:00:32 . Memory (MB): peak = 1302.762 ; gain = 0.000

Phase 5 Delay and Skew Optimization

Phase 5.1 Delay CleanUp
Phase 5.1 Delay CleanUp | Checksum: 20695d1f0

Time (s): cpu = 00:00:40 ; elapsed = 00:00:32 . Memory (MB): peak = 1302.762 ; gain = 0.000

Phase 5.2 Clock Skew Optimization
Phase 5.2 Clock Skew Optimization | Checksum: 20695d1f0

Time (s): cpu = 00:00:40 ; elapsed = 00:00:32 . Memory (MB): peak = 1302.762 ; gain = 0.000
Phase 5 Delay and Skew Optimization | Checksum: 20695d1f0

Time (s): cpu = 00:00:40 ; elapsed = 00:00:32 . Memory (MB): peak = 1302.762 ; gain = 0.000

Phase 6 Post Hold Fix

Phase 6.1 Hold Fix Iter

Phase 6.1.1 Update Timing
Phase 6.1.1 Update Timing | Checksum: 174786a13

Time (s): cpu = 00:00:41 ; elapsed = 00:00:32 . Memory (MB): peak = 1302.762 ; gain = 0.000
INFO: [Route 35-416] Intermediate Timing Summary | WNS=0.908  | TNS=0.000  | WHS=0.022  | THS=0.000  |

Phase 6.1 Hold Fix Iter | Checksum: 1e300d5c4

Time (s): cpu = 00:00:41 ; elapsed = 00:00:32 . Memory (MB): peak = 1302.762 ; gain = 0.000
Phase 6 Post Hold Fix | Checksum: 1e300d5c4

Time (s): cpu = 00:00:41 ; elapsed = 00:00:32 . Memory (MB): peak = 1302.762 ; gain = 0.000

Phase 7 Route finalize

Router Utilization Summary
  Global Vertical Routing Utilization    = 0.976908 %
  Global Horizontal Routing Utilization  = 1.09229 %
  Routable Net Status*
  *Does not include unroutable nets such as driverless and loadless.
  Run report_route_status for detailed report.
  Number of Failed Nets               = 0
  Number of Unrouted Nets             = 0
  Number of Partially Routed Nets     = 0
  Number of Node Overlaps             = 0

Phase 7 Route finalize | Checksum: 19bfef8a2

Time (s): cpu = 00:00:41 ; elapsed = 00:00:32 . Memory (MB): peak = 1302.762 ; gain = 0.000

Phase 8 Verifying routed nets

 Verification completed successfully
Phase 8 Verifying routed nets | Checksum: 19bfef8a2

Time (s): cpu = 00:00:41 ; elapsed = 00:00:32 . Memory (MB): peak = 1302.762 ; gain = 0.000

Phase 9 Depositing Routes
Phase 9 Depositing Routes | Checksum: 12a65b052

Time (s): cpu = 00:00:41 ; elapsed = 00:00:33 . Memory (MB): peak = 1302.762 ; gain = 0.000

Phase 10 Post Router Timing
INFO: [Route 35-57] Estimated Timing Summary | WNS=0.908  | TNS=0.000  | WHS=0.022  | THS=0.000  |

INFO: [Route 35-327] The final timing numbers are based on the router estimated timing analysis. For a complete and accurate timing signoff, please run report_timing_summary.
Phase 10 Post Router Timing | Checksum: 12a65b052

Time (s): cpu = 00:00:41 ; elapsed = 00:00:33 . Memory (MB): peak = 1302.762 ; gain = 0.000
INFO: [Route 35-16] Router Completed Successfully

Time (s): cpu = 00:00:42 ; elapsed = 00:00:33 . Memory (MB): peak = 1302.762 ; gain = 0.000

Routing Is Done.
INFO: [Common 17-83] Releasing license: Implementation
78 Infos, 0 Warnings, 0 Critical Warnings and 0 Errors encountered.
route_design completed successfully
route_design: Time (s): cpu = 00:00:45 ; elapsed = 00:00:35 . Memory (MB): peak = 1302.762 ; gain = 0.000
Writing placer database...
Writing XDEF routing.
Writing XDEF routing logical nets.
Writing XDEF routing special nets.
Write XDEF Complete: Time (s): cpu = 00:00:02 ; elapsed = 00:00:00.765 . Memory (MB): peak = 1302.762 ; gain = 0.000
INFO: [Common 17-1381] The checkpoint 'C:/Users/kab/Desktop/workspace/dma_simple_poll_intp/dma_simple_poll_intp.runs/impl_1/design_simple_poll_intp_wrapper_routed.dcp' has been generated.
INFO: [DRC 23-27] Running DRC with 2 threads
INFO: [Coretcl 2-168] The results of DRC are in file C:/Users/kab/Desktop/workspace/dma_simple_poll_intp/dma_simple_poll_intp.runs/impl_1/design_simple_poll_intp_wrapper_drc_routed.rpt.
INFO: [Timing 38-35] Done setting XDC timing constraints.
INFO: [DRC 23-133] Running Methodology with 2 threads
INFO: [Coretcl 2-1520] The results of Report Methodology are in file C:/Users/kab/Desktop/workspace/dma_simple_poll_intp/dma_simple_poll_intp.runs/impl_1/design_simple_poll_intp_wrapper_methodology_drc_routed.rpt.
INFO: [Timing 38-35] Done setting XDC timing constraints.
INFO: [Timing 38-91] UpdateTimingParams: Speed grade: -1, Delay Type: min_max.
INFO: [Timing 38-191] Multithreading enabled for timing update using a maximum of 2 CPUs
INFO: [Timing 38-35] Done setting XDC timing constraints.
Command: report_power -file design_simple_poll_intp_wrapper_power_routed.rpt -pb design_simple_poll_intp_wrapper_power_summary_routed.pb -rpx design_simple_poll_intp_wrapper_power_routed.rpx
Running Vector-less Activity Propagation...

Finished Running Vector-less Activity Propagation
WARNING: [Power 33-332] Found switching activity that implies high-fanout reset nets being asserted for excessive periods of time which may result in inaccurate power analysis.
Resolution: To review and fix problems, please run Power Constraints Advisor in the GUI from Tools > Power Constraints Advisor or run report_power with the -advisory option to generate a text report.
88 Infos, 1 Warnings, 0 Critical Warnings and 0 Errors encountered.
report_power completed successfully
Command: write_bitstream -force -no_partial_bitfile design_simple_poll_intp_wrapper.bit
Attempting to get a license for feature 'Implementation' and/or device 'xc7z020'
INFO: [Common 17-349] Got license for feature 'Implementation' and/or device 'xc7z020'
Running DRC as a precondition to command write_bitstream
INFO: [DRC 23-27] Running DRC with 2 threads
WARNING: [DRC 23-20] Rule violation (RTSTAT-10) No routable loads - 41 net(s) have no routable loads. The problem bus(es) and/or net(s) are design_simple_poll_intp_i/axi_dma_0/U0/I_PRMRY_DATAMOVER/GEN_MM2S_FULL.I_MM2S_FULL_WRAPPER/GEN_INCLUDE_MM2S_SF.I_RD_SF/I_DATA_FIFO/BLK_MEM.I_SYNC_FIFOGEN_FIFO/FAMILY_SUPPORTED.I_SYNC_FIFO_BRAM/inst_fifo_gen/gconvfifo.rf/grf.rf/gntv_or_sync_fifo.gl0.rd/gr1.gr1_int.rfwft/aempty_fwft_i, design_simple_poll_intp_i/axi_mem_intercon/m00_couplers/auto_pc/inst/gen_axi4_axi3.axi3_conv_inst/USE_READ.USE_SPLIT_R.read_addr_inst/USE_R_CHANNEL.cmd_queue/inst/fifo_gen_inst/inst_fifo_gen/gconvfifo.rf/grf.rf/gntv_or_sync_fifo.gl0.rd/gr1.gr1_int.rfwft/aempty_fwft_i, design_simple_poll_intp_i/axi_mem_intercon/m00_couplers/auto_pc/inst/gen_axi4_axi3.axi3_conv_inst/USE_WRITE.write_addr_inst/USE_B_CHANNEL.cmd_b_queue/inst/fifo_gen_inst/inst_fifo_gen/gconvfifo.rf/grf.rf/gntv_or_sync_fifo.gl0.rd/gr1.gr1_int.rfwft/aempty_fwft_i, design_simple_poll_intp_i/axi_mem_intercon/m00_couplers/auto_pc/inst/gen_axi4_axi3.axi3_conv_inst/USE_WRITE.write_addr_inst/USE_BURSTS.cmd_queue/inst/fifo_gen_inst/inst_fifo_gen/gconvfifo.rf/grf.rf/gntv_or_sync_fifo.gl0.rd/gr1.gr1_int.rfwft/aempty_fwft_i, design_simple_poll_intp_i/axi_dma_0/U0/I_PRMRY_DATAMOVER/GEN_S2MM_FULL.I_S2MM_FULL_WRAPPER/GEN_ENABLE_INDET_BTT_SF.I_INDET_BTT/I_DATA_FIFO/BLK_MEM.I_SYNC_FIFOGEN_FIFO/FAMILY_SUPPORTED.I_SYNC_FIFO_BRAM/inst_fifo_gen/gconvfifo.rf/grf.rf/gntv_or_sync_fifo.gl0.rd/gr1.gr1_int.rfwft/aempty_fwft_i, design_simple_poll_intp_i/axis_data_fifo_0/inst/gen_fifo_generator.fifo_generator_inst/inst_fifo_gen/gaxis_fifo.gaxisf.axisf/grf.rf/gntv_or_sync_fifo.gl0.rd/gr1.gr1_int.rfwft/aempty_fwft_i, design_simple_poll_intp_i/axi_dma_0/U0/I_PRMRY_DATAMOVER/GEN_MM2S_FULL.I_MM2S_FULL_WRAPPER/GEN_INCLUDE_MM2S_SF.I_RD_SF/I_DATA_FIFO/BLK_MEM.I_SYNC_FIFOGEN_FIFO/FAMILY_SUPPORTED.I_SYNC_FIFO_BRAM/inst_fifo_gen/gconvfifo.rf/grf.rf/gntv_or_sync_fifo.gl0.rd/gr1.gr1_int.rfwft/empty_fwft_i, design_simple_poll_intp_i/axi_dma_0/U0/I_PRMRY_DATAMOVER/GEN_S2MM_FULL.I_S2MM_FULL_WRAPPER/GEN_ENABLE_INDET_BTT_SF.I_INDET_BTT/I_DATA_FIFO/BLK_MEM.I_SYNC_FIFOGEN_FIFO/FAMILY_SUPPORTED.I_SYNC_FIFO_BRAM/inst_fifo_gen/gconvfifo.rf/grf.rf/gntv_or_sync_fifo.gl0.rd/gr1.gr1_int.rfwft/empty_fwft_i, design_simple_poll_intp_i/axi_dma_0/U0/I_PRMRY_DATAMOVER/GEN_S2MM_FULL.I_S2MM_FULL_WRAPPER/GEN_ENABLE_INDET_BTT_SF.I_INDET_BTT/I_XD_FIFO/NON_BLK_MEM.I_SYNC_FIFOGEN_FIFO/FAMILY_SUPPORTED.I_SYNC_FIFO_BRAM/inst_fifo_gen/gconvfifo.rf/grf.rf/gntv_or_sync_fifo.gl0.wr/gwss.wsts/ram_afull_fb, design_simple_poll_intp_i/axi_mem_intercon/m00_couplers/auto_pc/inst/gen_axi4_axi3.axi3_conv_inst/USE_READ.USE_SPLIT_R.read_addr_inst/USE_R_CHANNEL.cmd_queue/inst/fifo_gen_inst/inst_fifo_gen/gconvfifo.rf/grf.rf/gntv_or_sync_fifo.gl0.wr/gwss.wsts/ram_afull_fb, design_simple_poll_intp_i/axi_dma_0/U0/I_PRMRY_DATAMOVER/GEN_MM2S_FULL.I_MM2S_FULL_WRAPPER/GEN_INCLUDE_MM2S_SF.I_RD_SF/I_DATA_FIFO/BLK_MEM.I_SYNC_FIFOGEN_FIFO/FAMILY_SUPPORTED.I_SYNC_FIFO_BRAM/inst_fifo_gen/gconvfifo.rf/grf.rf/gntv_or_sync_fifo.gl0.wr/gwss.wsts/ram_afull_fb, design_simple_poll_intp_i/axi_mem_intercon/m00_couplers/auto_pc/inst/gen_axi4_axi3.axi3_conv_inst/USE_WRITE.write_addr_inst/USE_BURSTS.cmd_queue/inst/fifo_gen_inst/inst_fifo_gen/gconvfifo.rf/grf.rf/gntv_or_sync_fifo.gl0.wr/gwss.wsts/ram_afull_fb, design_simple_poll_intp_i/axis_data_fifo_0/inst/gen_fifo_generator.fifo_generator_inst/inst_fifo_gen/gaxis_fifo.gaxisf.axisf/grf.rf/gntv_or_sync_fifo.gl0.wr/gwss.wsts/ram_afull_fb, design_simple_poll_intp_i/axi_mem_intercon/m00_couplers/auto_pc/inst/gen_axi4_axi3.axi3_conv_inst/USE_WRITE.write_addr_inst/USE_B_CHANNEL.cmd_b_queue/inst/fifo_gen_inst/inst_fifo_gen/gconvfifo.rf/grf.rf/gntv_or_sync_fifo.gl0.wr/gwss.wsts/ram_afull_fb, design_simple_poll_intp_i/axi_dma_0/U0/I_PRMRY_DATAMOVER/GEN_S2MM_FULL.I_S2MM_FULL_WRAPPER/GEN_ENABLE_INDET_BTT_SF.I_INDET_BTT/I_DATA_FIFO/BLK_MEM.I_SYNC_FIFOGEN_FIFO/FAMILY_SUPPORTED.I_SYNC_FIFO_BRAM/inst_fifo_gen/gconvfifo.rf/grf.rf/gntv_or_sync_fifo.gl0.wr/gwss.wsts/ram_afull_fb (the first 15 of 39 listed).
INFO: [Vivado 12-3199] DRC finished with 0 Errors, 1 Warnings
INFO: [Vivado 12-3200] Please refer to the DRC report (report_drc) for more information.
Loading data files...
Loading site data...
Loading route data...
Processing options...
Creating bitmap...
Creating bitstream...
Writing bitstream ./design_simple_poll_intp_wrapper.bit...
INFO: [Vivado 12-1842] Bitgen Completed Successfully.
INFO: [Project 1-120] WebTalk data collection is mandatory when using a WebPACK part without a full Vivado license. To see the specific WebTalk data collected for your design, open the usage_statistics_webtalk.html or usage_statistics_webtalk.xml file in the implementation directory.
INFO: [Common 17-186] 'C:/Users/kab/Desktop/workspace/dma_simple_poll_intp/dma_simple_poll_intp.runs/impl_1/usage_statistics_webtalk.xml' has been successfully sent to Xilinx on Thu Oct 19 10:14:08 2017. For additional details about this file, please refer to the WebTalk help file at C:/Xilinx/Vivado/2016.4/doc/webtalk_introduction.html.
INFO: [Common 17-83] Releasing license: Implementation
96 Infos, 2 Warnings, 0 Critical Warnings and 0 Errors encountered.
write_bitstream completed successfully
write_bitstream: Time (s): cpu = 00:00:21 ; elapsed = 00:00:22 . Memory (MB): peak = 1661.258 ; gain = 354.215
INFO: [Common 17-206] Exiting Vivado at Thu Oct 19 10:14:08 2017...
